%!Adobe-FontList 1.13
%Locale:0x404

%BeginFont
Handler:DirectoryHandler
FontType:Invalid
OutlineFileName:D:\myFlash\physicbook\src-friction\Font\ChineseFont.as
FileModTime:1335506153
%EndFont

%BeginFont
Handler:DirectoryHandler
FontType:TrueType
FontName:MicrosoftJhengHeiRegular
FamilyName:Microsoft JhengHei
StyleName:Regular
FullName:Microsoft JhengHei
MenuName:微軟正黑體
StyleBits:0
FamilyNameNative:微軟正黑體
StyleNameNative:Regular
FullNameNative:微軟正黑體
WritingScript:TraditionalChinese
OutlineFileName:D:\myFlash\physicbook\src-friction\Font\msjh.ttf
DataFormat:sfntData
FileLength:21663376
FileModTime:1244666604
WeightClass:400
WidthClass:5
AngleClass:0
%EndFont

